<?xml version="1.0" encoding="UTF-8"?>
<testng-results skipped="0" failed="0" ignored="0" total="2" passed="2">
  <reporter-output>
  </reporter-output>
  <suite name="Code Hub Academy" duration-ms="50" started-at="2020-11-11T21:43:16 IST" finished-at="2020-11-11T21:43:16 IST">
    <groups>
    </groups>
    <test name="My First Test" duration-ms="50" started-at="2020-11-11T21:43:16 IST" finished-at="2020-11-11T21:43:16 IST">
      <class name="test.Mytest1">
        <test-method status="PASS" signature="testBase()[pri:0, instance:test.Mytest1@6c49835d]" name="testBase" is-config="true" duration-ms="9" started-at="2020-11-11T21:43:16 IST" finished-at="2020-11-11T21:43:16 IST">
          <reporter-output>
          </reporter-output>
        </test-method> <!-- testBase -->
        <test-method status="PASS" signature="setup()[pri:0, instance:test.Mytest1@6c49835d]" name="setup" is-config="true" duration-ms="2" started-at="2020-11-11T21:43:16 IST" finished-at="2020-11-11T21:43:16 IST">
          <reporter-output>
          </reporter-output>
        </test-method> <!-- setup -->
        <test-method status="PASS" signature="preRequisite()[pri:0, instance:test.Mytest1@6c49835d]" name="preRequisite" is-config="true" duration-ms="1" started-at="2020-11-11T21:43:16 IST" finished-at="2020-11-11T21:43:16 IST">
          <reporter-output>
          </reporter-output>
        </test-method> <!-- preRequisite -->
        <test-method status="PASS" signature="initialize()[pri:0, instance:test.Mytest1@6c49835d]" name="initialize" is-config="true" duration-ms="0" started-at="2020-11-11T21:43:16 IST" finished-at="2020-11-11T21:43:16 IST">
          <reporter-output>
          </reporter-output>
        </test-method> <!-- initialize -->
        <test-method status="PASS" signature="test1()[pri:0, instance:test.Mytest1@6c49835d]" name="test1" duration-ms="5" started-at="2020-11-11T21:43:16 IST" finished-at="2020-11-11T21:43:16 IST">
          <reporter-output>
          </reporter-output>
        </test-method> <!-- test1 -->
        <test-method status="PASS" signature="aM()[pri:0, instance:test.Mytest1@6c49835d]" name="aM" is-config="true" duration-ms="0" started-at="2020-11-11T21:43:16 IST" finished-at="2020-11-11T21:43:16 IST">
          <reporter-output>
          </reporter-output>
        </test-method> <!-- aM -->
        <test-method status="PASS" signature="initialize()[pri:0, instance:test.Mytest1@6c49835d]" name="initialize" is-config="true" duration-ms="1" started-at="2020-11-11T21:43:16 IST" finished-at="2020-11-11T21:43:16 IST">
          <reporter-output>
          </reporter-output>
        </test-method> <!-- initialize -->
        <test-method status="PASS" signature="test2()[pri:0, instance:test.Mytest1@6c49835d]" name="test2" duration-ms="1" started-at="2020-11-11T21:43:16 IST" finished-at="2020-11-11T21:43:16 IST">
          <reporter-output>
          </reporter-output>
        </test-method> <!-- test2 -->
        <test-method status="PASS" signature="aM()[pri:0, instance:test.Mytest1@6c49835d]" name="aM" is-config="true" duration-ms="0" started-at="2020-11-11T21:43:16 IST" finished-at="2020-11-11T21:43:16 IST">
          <reporter-output>
          </reporter-output>
        </test-method> <!-- aM -->
        <test-method status="PASS" signature="m2()[pri:0, instance:test.Mytest1@6c49835d]" name="m2" is-config="true" duration-ms="0" started-at="2020-11-11T21:43:16 IST" finished-at="2020-11-11T21:43:16 IST">
          <reporter-output>
          </reporter-output>
        </test-method> <!-- m2 -->
        <test-method status="PASS" signature="m1()[pri:0, instance:test.Mytest1@6c49835d]" name="m1" is-config="true" duration-ms="0" started-at="2020-11-11T21:43:16 IST" finished-at="2020-11-11T21:43:16 IST">
          <reporter-output>
          </reporter-output>
        </test-method> <!-- m1 -->
        <test-method status="PASS" signature="m3()[pri:0, instance:test.Mytest1@6c49835d]" name="m3" is-config="true" duration-ms="0" started-at="2020-11-11T21:43:16 IST" finished-at="2020-11-11T21:43:16 IST">
          <reporter-output>
          </reporter-output>
        </test-method> <!-- m3 -->
      </class> <!-- test.Mytest1 -->
    </test> <!-- My First Test -->
  </suite> <!-- Code Hub Academy -->
</testng-results>
